Determining if the function pthread_create exists in the pthreads failed with the following output:
Change Dir: /home/ja/Documents/lhcb/TbUTTests/CMakeFiles/CMakeTmp

Run Build Command:/usr/bin/make "cmTryCompileExec/fast"
/usr/bin/make -f CMakeFiles/cmTryCompileExec.dir/build.make CMakeFiles/cmTryCompileExec.dir/build
make[1]: Entering directory `/home/ja/Documents/lhcb/TbUTTests/CMakeFiles/CMakeTmp'
/usr/bin/cmake -E cmake_progress_report /home/ja/Documents/lhcb/TbUTTests/CMakeFiles/CMakeTmp/CMakeFiles 1
Building C object CMakeFiles/cmTryCompileExec.dir/CheckFunctionExists.c.o
/usr/bin/gcc   -DCHECK_FUNCTION_EXISTS=pthread_create   -o CMakeFiles/cmTryCompileExec.dir/CheckFunctionExists.c.o   -c /usr/share/cmake-2.8/Modules/CheckFunctionExists.c
Linking C executable cmTryCompileExec
/usr/bin/cmake -E cmake_link_script CMakeFiles/cmTryCompileExec.dir/link.txt --verbose=1
/usr/bin/gcc     -DCHECK_FUNCTION_EXISTS=pthread_create    CMakeFiles/cmTryCompileExec.dir/CheckFunctionExists.c.o  -o cmTryCompileExec -rdynamic -lpthreads 
/usr/bin/ld: cannot find -lpthreads
collect2: error: ld returned 1 exit status
make[1]: Leaving directory `/home/ja/Documents/lhcb/TbUTTests/CMakeFiles/CMakeTmp'
make[1]: *** [cmTryCompileExec] Error 1
make: *** [cmTryCompileExec/fast] Error 2


Determining if the pthread_create exist failed with the following output:
Change Dir: /home/ja/Documents/lhcb/TbUTTests/CMakeFiles/CMakeTmp

Run Build Command:"/usr/bin/make" "cmTC_056fd/fast"
/usr/bin/make -f CMakeFiles/cmTC_056fd.dir/build.make CMakeFiles/cmTC_056fd.dir/build
make[1]: Entering directory `/home/ja/Documents/lhcb/TbUTTests/CMakeFiles/CMakeTmp'
Building C object CMakeFiles/cmTC_056fd.dir/CheckSymbolExists.c.o
/usr/bin/gcc     -o CMakeFiles/cmTC_056fd.dir/CheckSymbolExists.c.o   -c /home/ja/Documents/lhcb/TbUTTests/CMakeFiles/CMakeTmp/CheckSymbolExists.c
Linking C executable cmTC_056fd
/home/ja/Documents/lhcb/TbUTTests/cmake-3.4.0-rc3-Linux-x86_64/bin/cmake -E cmake_link_script CMakeFiles/cmTC_056fd.dir/link.txt --verbose=1
/usr/bin/gcc        CMakeFiles/cmTC_056fd.dir/CheckSymbolExists.c.o  -o cmTC_056fd -rdynamic 
CMakeFiles/cmTC_056fd.dir/CheckSymbolExists.c.o: In function `main':
CheckSymbolExists.c:(.text+0x16): undefined reference to `pthread_create'
collect2: error: ld returned 1 exit status
make[1]: Leaving directory `/home/ja/Documents/lhcb/TbUTTests/CMakeFiles/CMakeTmp'
make[1]: *** [cmTC_056fd] Error 1
make: *** [cmTC_056fd/fast] Error 2

File /home/ja/Documents/lhcb/TbUTTests/CMakeFiles/CMakeTmp/CheckSymbolExists.c:
/* */
#include <pthread.h>

int main(int argc, char** argv)
{
  (void)argv;
#ifndef pthread_create
  return ((int*)(&pthread_create))[argc];
#else
  (void)argc;
  return 0;
#endif
}

